  main.cpp
c:\users\s189064\source\repos\cardgamemaster\thirdparty\flecs\flecs\flecs.hpp(366): warning C4244: 'argument': conversion from 'uint32_t' to 'float', possible loss of data
c:\users\s189064\source\repos\cardgamemaster\cardgame\cardgame\rendermodual.h(14): warning C4005: 'COMPONENT': macro redefinition
  c:\users\s189064\source\repos\cardgamemaster\cardgame\cardgame\rendermodual.h(12): note: see previous definition of 'COMPONENT'
c:\users\s189064\source\repos\cardgamemaster\cardgame\cardgame\rendermodual.h(27): warning C4005: 'SYSTEM': macro redefinition
  c:\users\s189064\source\repos\cardgamemaster\cardgame\cardgame\rendermodual.h(24): note: see previous definition of 'SYSTEM'
c:\users\s189064\source\repos\cardgamemaster\cardgame\cardgame\rendermodual.h(35): warning C4018: '<': signed/unsigned mismatch
c:\users\s189064\source\repos\cardgamemaster\cardgame\cardgame\rendermodual.h(43): warning C4018: '<': signed/unsigned mismatch
c:\users\s189064\source\repos\cardgamemaster\cardgame\cardgame\rendermodual.h(60): warning C4018: '<': signed/unsigned mismatch
c:\users\s189064\source\repos\cardgamemaster\cardgame\cardgame\rendermodual.h(87): warning C4005: 'SYSTEM': macro redefinition
  c:\users\s189064\source\repos\cardgamemaster\cardgame\cardgame\rendermodual.h(27): note: see previous definition of 'SYSTEM'
c:\users\s189064\source\repos\cardgamemaster\cardgame\cardgame\rendermodual.h(92): warning C4005: 'COMPONENT': macro redefinition
  c:\users\s189064\source\repos\cardgamemaster\cardgame\cardgame\rendermodual.h(14): note: see previous definition of 'COMPONENT'
c:\users\s189064\source\repos\cardgamemaster\cardgame\cardgame\rendermodual.h(94): error C2664: 'ecs_entity_t ecs_new_component(ecs_world_t *,const char *,size_t)': cannot convert argument 1 from 'flecs::world' to 'ecs_world_t *'
  c:\users\s189064\source\repos\cardgamemaster\cardgame\cardgame\rendermodual.h(94): note: No user-defined-conversion operator available that can perform this conversion, or the operator cannot be called
c:\users\s189064\source\repos\cardgamemaster\cardgame\cardgame\rendermodual.h(94): error C2664: 'ecs_type_t ecs_type_from_entity(ecs_world_t *,ecs_entity_t)': cannot convert argument 1 from 'flecs::world' to 'ecs_world_t *'
  c:\users\s189064\source\repos\cardgamemaster\cardgame\cardgame\rendermodual.h(94): note: No user-defined-conversion operator available that can perform this conversion, or the operator cannot be called
c:\users\s189064\source\repos\cardgamemaster\cardgame\cardgame\rendermodual.h(98): error C2664: 'ecs_entity_t ecs_new_system(ecs_world_t *,const char *,EcsSystemKind,const char *,ecs_system_action_t)': cannot convert argument 1 from 'flecs::world' to 'ecs_world_t *'
  c:\users\s189064\source\repos\cardgamemaster\cardgame\cardgame\rendermodual.h(98): note: No user-defined-conversion operator available that can perform this conversion, or the operator cannot be called
c:\users\s189064\source\repos\cardgamemaster\cardgame\cardgame\rendermodual.h(98): error C2664: 'ecs_type_t ecs_type_from_entity(ecs_world_t *,ecs_entity_t)': cannot convert argument 1 from 'flecs::world' to 'ecs_world_t *'
  c:\users\s189064\source\repos\cardgamemaster\cardgame\cardgame\rendermodual.h(98): note: No user-defined-conversion operator available that can perform this conversion, or the operator cannot be called
c:\users\s189064\source\repos\cardgamemaster\cardgame\cardgame\editormodual.hpp(42): error C2397: conversion from 'int' to 'float' requires a narrowing conversion
c:\users\s189064\source\repos\cardgamemaster\cardgame\cardgame\editormodual.hpp(42): warning C4244: 'initializing': conversion from 'int' to 'float', possible loss of data
c:\users\s189064\source\repos\cardgamemaster\cardgame\cardgame\main.cpp(136): error C2365: 'top': redefinition; previous definition was 'enumerator'
  c:\users\s189064\source\repos\cardgamemaster\cardgame\cardgame\editormodual.hpp(16): note: see declaration of 'top'
c:\users\s189064\source\repos\cardgamemaster\cardgame\cardgame\main.cpp(136): error C2365: 'right': redefinition; previous definition was 'enumerator'
  c:\users\s189064\source\repos\cardgamemaster\cardgame\cardgame\editormodual.hpp(16): note: see declaration of 'right'
c:\users\s189064\source\repos\cardgamemaster\cardgame\cardgame\main.cpp(143): error C2065: 'inputManager': undeclared identifier
c:\users\s189064\source\repos\cardgamemaster\cardgame\cardgame\main.cpp(147): error C2065: 'FSelect': undeclared identifier
c:\users\s189064\source\repos\cardgamemaster\cardgame\cardgame\main.cpp(148): error C2065: 'inputManager': undeclared identifier
c:\users\s189064\source\repos\cardgamemaster\cardgame\cardgame\main.cpp(151): error C2065: 'inputManager': undeclared identifier
c:\users\s189064\source\repos\cardgamemaster\cardgame\cardgame\main.cpp(153): error C2065: 'inputManager': undeclared identifier
c:\users\s189064\source\repos\cardgamemaster\cardgame\cardgame\main.cpp(153): error C2660: 'Vector2Subtract': function does not take 1 arguments
  c:\users\s189064\source\repos\cardgamemaster\thirdparty\raylib\raymath.h(183): note: see declaration of 'Vector2Subtract'
c:\users\s189064\source\repos\cardgamemaster\cardgame\cardgame\main.cpp(153): error C2660: 'Vector2Add': function does not take 1 arguments
  c:\users\s189064\source\repos\cardgamemaster\thirdparty\raylib\raymath.h(176): note: see declaration of 'Vector2Add'
c:\users\s189064\source\repos\cardgamemaster\cardgame\cardgame\main.cpp(182): warning C4838: conversion from 'char' to 'unsigned char' requires a narrowing conversion
c:\users\s189064\source\repos\cardgamemaster\cardgame\cardgame\main.cpp(191): error C2679: binary '=': no operator found which takes a right-hand operand of type 'ecs_world_t *' (or there is no acceptable conversion)
  c:\users\s189064\source\repos\cardgamemaster\thirdparty\flecs\flecs\flecs.hpp(334): note: could be 'flecs::world &flecs::world::operator =(flecs::world &&)'
  c:\users\s189064\source\repos\cardgamemaster\thirdparty\flecs\flecs\flecs.hpp(332): note: or       'flecs::world &flecs::world::operator =(const flecs::world &)'
  c:\users\s189064\source\repos\cardgamemaster\cardgame\cardgame\main.cpp(191): note: while trying to match the argument list '(flecs::world, ecs_world_t *)'
c:\users\s189064\source\repos\cardgamemaster\cardgame\cardgame\main.cpp(193): error C3861: 'RegisterEditorModualComponents': identifier not found
c:\users\s189064\source\repos\cardgamemaster\cardgame\cardgame\main.cpp(194): error C3861: 'RegisterEditorModualSystems': identifier not found
c:\users\s189064\source\repos\cardgamemaster\cardgame\cardgame\main.cpp(197): error C2065: 'ortho': undeclared identifier
c:\users\s189064\source\repos\cardgamemaster\cardgame\cardgame\main.cpp(198): error C2065: 'cone': undeclared identifier
c:\users\s189064\source\repos\cardgamemaster\cardgame\cardgame\main.cpp(199): error C2065: 'cone': undeclared identifier
c:\users\s189064\source\repos\cardgamemaster\cardgame\cardgame\main.cpp(199): error C2065: 'ortho': undeclared identifier
c:\users\s189064\source\repos\cardgamemaster\cardgame\cardgame\main.cpp(200): error C2664: 'ecs_entity_t ecs_new_entity(ecs_world_t *,const char *,const char *)': cannot convert argument 1 from 'flecs::world' to 'ecs_world_t *'
  c:\users\s189064\source\repos\cardgamemaster\cardgame\cardgame\main.cpp(200): note: No user-defined-conversion operator available that can perform this conversion, or the operator cannot be called
c:\users\s189064\source\repos\cardgamemaster\cardgame\cardgame\main.cpp(200): error C2664: 'ecs_type_t ecs_type_from_entity(ecs_world_t *,ecs_entity_t)': cannot convert argument 1 from 'flecs::world' to 'ecs_world_t *'
  c:\users\s189064\source\repos\cardgamemaster\cardgame\cardgame\main.cpp(200): note: No user-defined-conversion operator available that can perform this conversion, or the operator cannot be called
c:\users\s189064\source\repos\cardgamemaster\cardgame\cardgame\main.cpp(201): error C2664: 'ecs_entity_t ecs_new_entity(ecs_world_t *,const char *,const char *)': cannot convert argument 1 from 'flecs::world' to 'ecs_world_t *'
  c:\users\s189064\source\repos\cardgamemaster\cardgame\cardgame\main.cpp(201): note: No user-defined-conversion operator available that can perform this conversion, or the operator cannot be called
c:\users\s189064\source\repos\cardgamemaster\cardgame\cardgame\main.cpp(201): error C2664: 'ecs_type_t ecs_type_from_entity(ecs_world_t *,ecs_entity_t)': cannot convert argument 1 from 'flecs::world' to 'ecs_world_t *'
  c:\users\s189064\source\repos\cardgamemaster\cardgame\cardgame\main.cpp(201): note: No user-defined-conversion operator available that can perform this conversion, or the operator cannot be called
c:\users\s189064\source\repos\cardgamemaster\cardgame\cardgame\main.cpp(203): error C2065: 'ETransform': undeclared identifier
c:\users\s189064\source\repos\cardgamemaster\cardgame\cardgame\main.cpp(204): error C2065: 'EModel': undeclared identifier
c:\users\s189064\source\repos\cardgamemaster\cardgame\cardgame\main.cpp(205): error C2065: 'EBoundingBox': undeclared identifier
c:\users\s189064\source\repos\cardgamemaster\cardgame\cardgame\main.cpp(207): error C2065: 'ETransform': undeclared identifier
c:\users\s189064\source\repos\cardgamemaster\cardgame\cardgame\main.cpp(208): error C2065: 'EModel': undeclared identifier
c:\users\s189064\source\repos\cardgamemaster\cardgame\cardgame\main.cpp(209): error C2065: 'EBoundingBox': undeclared identifier
c:\users\s189064\source\repos\cardgamemaster\cardgame\cardgame\main.cpp(213): warning C4244: 'argument': conversion from 'float' to 'int', possible loss of data
c:\users\s189064\source\repos\cardgamemaster\cardgame\cardgame\main.cpp(217): error C2065: 'inputManager': undeclared identifier
c:\users\s189064\source\repos\cardgamemaster\cardgame\cardgame\main.cpp(219): error C2065: 'inputManager': undeclared identifier
c:\users\s189064\source\repos\cardgamemaster\cardgame\cardgame\main.cpp(223): error C2664: 'bool ecs_progress(ecs_world_t *,float)': cannot convert argument 1 from 'flecs::world' to 'ecs_world_t *'
  c:\users\s189064\source\repos\cardgamemaster\cardgame\cardgame\main.cpp(223): note: No user-defined-conversion operator available that can perform this conversion, or the operator cannot be called
c:\users\s189064\source\repos\cardgamemaster\cardgame\cardgame\main.cpp(224): error C2065: 'inputManager': undeclared identifier
